
Showing logs for build [32mcb-kubecd-environment-pr-170-12-rdww7-1[0m stage [32mfrom-build-pack[0m and container [32mstep-credential-initializer-bp4g6[0m
{"level":"warn","ts":1583177730.5410018,"logger":"fallback-logger","caller":"logging/config.go:69","msg":"Fetch GitHub commit ID from kodata failed: \"ref: refs/heads/0.8.0-**-support-backwards-incompats\" is not a valid GitHub commit ID"}
{"level":"info","ts":1583177730.5417638,"logger":"fallback-logger","caller":"creds-init/main.go:40","msg":"Credentials initialized."}

Showing logs for build [32mcb-kubecd-environment-pr-170-12-rdww7-1[0m stage [32mfrom-build-pack[0m and container [32mstep-working-dir-initializer-s5vfx[0m
{"level":"warn","ts":1583177731.55751,"logger":"fallback-logger","caller":"logging/config.go:69","msg":"Fetch GitHub commit ID from kodata failed: open /var/run/ko/HEAD: no such file or directory"}
{"level":"info","ts":1583177731.5605454,"logger":"fallback-logger","caller":"bash/main.go:64","msg":"Successfully executed command \"sh -c mkdir -p /workspace/source\"; output "}

Showing logs for build [32mcb-kubecd-environment-pr-170-12-rdww7-1[0m stage [32mfrom-build-pack[0m and container [32mstep-place-tools[0m

Showing logs for build [32mcb-kubecd-environment-pr-170-12-rdww7-1[0m stage [32mfrom-build-pack[0m and container [32mstep-git-source-cb-kubecd-environment-pr-170-12-rdww7-267dx[0m
{"level":"warn","ts":1583177735.724115,"logger":"fallback-logger","caller":"logging/config.go:69","msg":"Fetch GitHub commit ID from kodata failed: \"ref: refs/heads/0.8.0-**-support-backwards-incompats\" is not a valid GitHub commit ID"}
{"level":"info","ts":1583177736.8226545,"logger":"fallback-logger","caller":"git/git.go:103","msg":"Successfully cloned https://github.com/cb-kubecd/environment-pr-170-129-boot-gke-staging.git @ master in path /workspace/source"}

Showing logs for build [32mcb-kubecd-environment-pr-170-12-rdww7-1[0m stage [32mfrom-build-pack[0m and container [32mstep-git-merge[0m
Using SHAs from PULL_REFS=master:7357e0c12ac50de96a5774bb44f12c1ae217f1ad,6:ee976d1a0801541473cb298390f82dfd28e9dbaf
DEBUG: LC_ALL=C JX_LOG_LEVEL=error git fetch origin --unshallow ee976d1a0801541473cb298390f82dfd28e9dbaf: 7357e0c12ac50de96a5774bb44f12c1ae217f1ad:
DEBUG: ran git fetch --unshallow origin ee976d1a0801541473cb298390f82dfd28e9dbaf: 7357e0c12ac50de96a5774bb44f12c1ae217f1ad: in 
DEBUG: LC_ALL=C JX_LOG_LEVEL=error git branch
DEBUG: LC_ALL=C JX_LOG_LEVEL=error git checkout master
DEBUG: ran git checkout master in 
DEBUG: LC_ALL=C JX_LOG_LEVEL=error git reset --hard 7357e0c12ac50de96a5774bb44f12c1ae217f1ad
DEBUG: ran git reset --hard 7357e0c12ac50de96a5774bb44f12c1ae217f1ad in 
DEBUG: LC_ALL=C JX_LOG_LEVEL=error git clean -fd .
DEBUG: ran clean --force -d . in 
DEBUG: LC_ALL=C JX_LOG_LEVEL=error git merge ee976d1a0801541473cb298390f82dfd28e9dbaf
DEBUG: ran git merge ee976d1a0801541473cb298390f82dfd28e9dbaf in 
DEBUG: LC_ALL=C JX_LOG_LEVEL=error git log --format=%H%x1f%an%x1f%ae%x1f%cn%x1f%ce%x1f%s%n%b%x1e 7357e0c12ac50de96a5774bb44f12c1ae217f1ad..HEAD
Merged SHA ee976d1a0801541473cb298390f82dfd28e9dbaf with commit message 'chore: Promote bdd-ghf**y-import-1583176853 to version 0.0.1' into base branch master

Showing logs for build [32mcb-kubecd-environment-pr-170-12-rdww7-1[0m stage [32mfrom-build-pack[0m and container [32mstep-build-helm-build[0m
WARNING: No $CHART_REPOSITORY defined so using the default value of: http://jenkins-x-chartmuseum:8080
Adding missing Helm repo: storage.googleapis.com https://storage.googleapis.com/chartmuseum.jenkins-x.io
WARNING: No secrets found on "helm/repos" due: reading the secret "helm/repos" from vault: no secret "helm/repos" not found in vault
Read credentials for https://storage.googleapis.com/chartmuseum.jenkins-x.io from vault helm/repos
Successfully added Helm repository storage.googleapis.com.
Adding missing Helm repo: jenkins-x-chartmuseum http://jenkins-x-chartmuseum:8080
WARNING: No secrets found on "helm/repos" due: reading the secret "helm/repos" from vault: no secret "helm/repos" not found in vault
Read credentials for http://jenkins-x-chartmuseum:8080 from vault helm/repos
Successfully added Helm repository jenkins-x-chartmuseum.
WARNING: No $CHART_REPOSITORY defined so using the default value of: http://jenkins-x-chartmuseum:8080
Adding missing Helm repo: chartmuseum.jenkins-x.io http://chartmuseum.jenkins-x.io
WARNING: No secrets found on "helm/repos" due: reading the secret "helm/repos" from vault: no secret "helm/repos" not found in vault
Read credentials for http://chartmuseum.jenkins-x.io from vault helm/repos
Successfully added Helm repository chartmuseum.jenkins-x.io.
