
Showing logs for build [32mcb-kubecd-environment-pr-170-12-7fxx7-1[0m stage [32mfrom-build-pack[0m and container [32mstep-credential-initializer-pm88r[0m
{"level":"warn","ts":1583177143.000003,"logger":"fallback-logger","caller":"logging/config.go:69","msg":"Fetch GitHub commit ID from kodata failed: \"ref: refs/heads/0.8.0-**-support-backwards-incompats\" is not a valid GitHub commit ID"}
{"level":"info","ts":1583177143.0121956,"logger":"fallback-logger","caller":"creds-init/main.go:40","msg":"Credentials initialized."}

Showing logs for build [32mcb-kubecd-environment-pr-170-12-7fxx7-1[0m stage [32mfrom-build-pack[0m and container [32mstep-working-dir-initializer-r2ln8[0m
{"level":"warn","ts":1583177144.0827658,"logger":"fallback-logger","caller":"logging/config.go:69","msg":"Fetch GitHub commit ID from kodata failed: open /var/run/ko/HEAD: no such file or directory"}
{"level":"info","ts":1583177144.0868716,"logger":"fallback-logger","caller":"bash/main.go:64","msg":"Successfully executed command \"sh -c mkdir -p /workspace/source\"; output "}

Showing logs for build [32mcb-kubecd-environment-pr-170-12-7fxx7-1[0m stage [32mfrom-build-pack[0m and container [32mstep-place-tools[0m

Showing logs for build [32mcb-kubecd-environment-pr-170-12-7fxx7-1[0m stage [32mfrom-build-pack[0m and container [32mstep-git-source-cb-kubecd-environment-pr-170-12-7fxx7-lwbbl[0m
{"level":"warn","ts":1583177150.1633487,"logger":"fallback-logger","caller":"logging/config.go:69","msg":"Fetch GitHub commit ID from kodata failed: \"ref: refs/heads/0.8.0-**-support-backwards-incompats\" is not a valid GitHub commit ID"}
{"level":"info","ts":1583177151.3580523,"logger":"fallback-logger","caller":"git/git.go:103","msg":"Successfully cloned https://github.com/cb-kubecd/environment-pr-170-129-boot-gke-staging.git @ master in path /workspace/source"}

Showing logs for build [32mcb-kubecd-environment-pr-170-12-7fxx7-1[0m stage [32mfrom-build-pack[0m and container [32mstep-git-merge[0m
Using SHAs from PULL_REFS=master:c6ef2a1060601b4bd166898439b9b3be4ac3be5d,5:06c0be50b199d84e486444c98fb8c931cda67a6f
DEBUG: LC_ALL=C JX_LOG_LEVEL=error git fetch origin --unshallow 06c0be50b199d84e486444c98fb8c931cda67a6f: c6ef2a1060601b4bd166898439b9b3be4ac3be5d:
DEBUG: ran git fetch --unshallow origin 06c0be50b199d84e486444c98fb8c931cda67a6f: c6ef2a1060601b4bd166898439b9b3be4ac3be5d: in 
DEBUG: LC_ALL=C JX_LOG_LEVEL=error git branch
DEBUG: LC_ALL=C JX_LOG_LEVEL=error git checkout master
DEBUG: ran git checkout master in 
DEBUG: LC_ALL=C JX_LOG_LEVEL=error git reset --hard c6ef2a1060601b4bd166898439b9b3be4ac3be5d
DEBUG: ran git reset --hard c6ef2a1060601b4bd166898439b9b3be4ac3be5d in 
DEBUG: LC_ALL=C JX_LOG_LEVEL=error git clean -fd .
DEBUG: ran clean --force -d . in 
DEBUG: LC_ALL=C JX_LOG_LEVEL=error git merge 06c0be50b199d84e486444c98fb8c931cda67a6f
DEBUG: ran git merge 06c0be50b199d84e486444c98fb8c931cda67a6f in 
DEBUG: LC_ALL=C JX_LOG_LEVEL=error git log --format=%H%x1f%an%x1f%ae%x1f%cn%x1f%ce%x1f%s%n%b%x1e c6ef2a1060601b4bd166898439b9b3be4ac3be5d..HEAD
Merged SHA 06c0be50b199d84e486444c98fb8c931cda67a6f with commit message 'chore: Promote bdd-nh-import-1583176853 to version 0.0.1' into base branch master

Showing logs for build [32mcb-kubecd-environment-pr-170-12-7fxx7-1[0m stage [32mfrom-build-pack[0m and container [32mstep-build-helm-build[0m
WARNING: No $CHART_REPOSITORY defined so using the default value of: http://jenkins-x-chartmuseum:8080
Adding missing Helm repo: storage.googleapis.com https://storage.googleapis.com/chartmuseum.jenkins-x.io
WARNING: No secrets found on "helm/repos" due: reading the secret "helm/repos" from vault: no secret "helm/repos" not found in vault
Read credentials for https://storage.googleapis.com/chartmuseum.jenkins-x.io from vault helm/repos
Successfully added Helm repository storage.googleapis.com.
Adding missing Helm repo: jenkins-x-chartmuseum http://jenkins-x-chartmuseum:8080
WARNING: No secrets found on "helm/repos" due: reading the secret "helm/repos" from vault: no secret "helm/repos" not found in vault
Read credentials for http://jenkins-x-chartmuseum:8080 from vault helm/repos
Successfully added Helm repository jenkins-x-chartmuseum.
WARNING: No $CHART_REPOSITORY defined so using the default value of: http://jenkins-x-chartmuseum:8080
Adding missing Helm repo: chartmuseum.jenkins-x.io http://chartmuseum.jenkins-x.io
WARNING: No secrets found on "helm/repos" due: reading the secret "helm/repos" from vault: no secret "helm/repos" not found in vault
Read credentials for http://chartmuseum.jenkins-x.io from vault helm/repos
Successfully added Helm repository chartmuseum.jenkins-x.io.
